#
# A fatal error has been detected by the Java Runtime Environment:
#
#  SIGSEGV (0xb) at pc=0x00007f4506e30f3b, pid=4237, tid=0x00007f452c620700
#
# JRE version: Java(TM) SE Runtime Environment (8.0_221-b11) (build 1.8.0_221-b11)
# Java VM: Java HotSpot(TM) 64-Bit Server VM (25.221-b11 mixed mode linux-amd64 compressed oops)
# Problematic frame:
# C  [libMatrix.so+0xf3b]  Matrix::setValue(double)+0x63
#
# Core dump written. Default location: /home/liankeqin/blas/java/core or core.4237
#
# If you would like to submit a bug report, please visit:
#   http://bugreport.java.com/bugreport/crash.jsp
# The crash happened outside the Java Virtual Machine in native code.
# See problematic frame for where to report the bug.
#

---------------  T H R E A D  ---------------

Current thread (0x00007f452400b000):  JavaThread "main" [_thread_in_native, id=4238, stack(0x00007f452c521000,0x00007f452c621000)]

siginfo: si_signo: 11 (SIGSEGV), si_code: 2 (SEGV_ACCERR), si_addr: 0x00007f3ee6a0b000

Registers:
RAX=0x00007f3ee6a0b000, RBX=0x00007f45240f3b20, RCX=0x00007f3ee2000010, RDX=0x00007f3ee6a0b008
RSP=0x00007f452c61f820, RBP=0x00007f452c61f820, RSI=0x000000002faf1000, RDI=0x00007f45240f3b20
R8 =0x00000000ffffffff, R9 =0x0000000000000000, R10=0x0000000000000022, R11=0x0000000000000022
R12=0x0000000000000000, R13=0x00007f4528550778, R14=0x00007f452c61f910, R15=0x00007f452400b000
RIP=0x00007f4506e30f3b, EFLAGS=0x0000000000010287, CSGSFS=0x00000053002b0033, ERR=0x0000000000000000
  TRAPNO=0x0000000000000000

Top of Stack: (sp=0x00007f452c61f820)
0x00007f452c61f820:   00007f452c61f870 00007f4506e30dc6
0x00007f452c61f830:   4024000000000000 0000271000002710
0x00007f452c61f840:   00007f452c61f910 00007f452400b1f8
0x00007f452c61f850:   05f5e1002c61f918 00007f45240f3b20
0x00007f452c61f860:   00007f4528550778 0000000000000000
0x00007f452c61f870:   00007f452c61f8e0 00007f45150186c7
0x00007f452c61f880:   00000000fd5df838 0000000040000021
0x00007f452c61f890:   00007f452c61f8c0 00007f452c61f8c0
0x00007f452c61f8a0:   00007f452c61f8a0 0000000000000000
0x00007f452c61f8b0:   00007f452c61f910 00007f4528550b30
0x00007f452c61f8c0:   0000000000000000 00007f4528550778
0x00007f452c61f8d0:   0000000000000000 00007f452c61f900
0x00007f452c61f8e0:   00007f452c61f960 00007f4515007dd0
0x00007f452c61f8f0:   0000000000000000 00007f4515011d17
0x00007f452c61f900:   0000000000002710 0000000000002710
0x00007f452c61f910:   00000000fd5df838 00000000fd5df838
0x00007f452c61f920:   00007f452c61f920 00007f45285503e0
0x00007f452c61f930:   00007f452c61f980 00007f4528550b30
0x00007f452c61f940:   0000000000000000 00007f45285503f8
0x00007f452c61f950:   00007f452c61f900 00007f452c61f970
0x00007f452c61f960:   00007f452c61f9d0 00007f45150082bd
0x00007f452c61f970:   0000000000002710 0000000000002710
0x00007f452c61f980:   00000000fd5df838 00000000fd5df838
0x00007f452c61f990:   00007f452c61f990 00007f45285509cc
0x00007f452c61f9a0:   00007f452c61f9e8 00007f4528550b30
0x00007f452c61f9b0:   0000000000000000 00007f4528550a40
0x00007f452c61f9c0:   00007f452c61f970 00007f452c61f9e8
0x00007f452c61f9d0:   00007f452c61fa50 00007f45150007a7
0x00007f452c61f9e0:   00000000fd5df790 00000000fd5de178
0x00007f452c61f9f0:   00007f4500001fa0 00007f4528550a40
0x00007f452c61fa00:   00007f452c61fc30 00007f452c61faf0
0x00007f452c61fa10:   00007f452400b000 00007f452400b000 

Instructions: (pc=0x00007f4506e30f3b)
0x00007f4506e30f1b:   00 00 00 48 8b 45 e8 8b 40 04 39 45 f4 7d 1b 48
0x00007f4506e30f2b:   8b 45 f8 48 8d 50 08 48 89 55 f8 f2 0f 10 45 e0
0x00007f4506e30f3b:   f2 0f 11 00 83 45 f4 01 eb d9 83 45 f0 01 eb a1
0x00007f4506e30f4b:   90 5d c3 00 00 48 83 ec 08 48 83 c4 08 c3 00 00 

Register to memory mapping:

RAX=0x00007f3ee6a0b000 is an unknown value
RBX=0x00007f45240f3b20 is an unknown value
RCX=0x00007f3ee2000010 is an unknown value
RDX=0x00007f3ee6a0b008 is an unknown value
RSP=0x00007f452c61f820 is pointing into the stack for thread: 0x00007f452400b000
RBP=0x00007f452c61f820 is pointing into the stack for thread: 0x00007f452400b000
RSI=0x000000002faf1000 is an unknown value
RDI=0x00007f45240f3b20 is an unknown value
R8 =0x00000000ffffffff is an unallocated location in the heap
R9 =0x0000000000000000 is an unknown value
R10=0x0000000000000022 is an unknown value
R11=0x0000000000000022 is an unknown value
R12=0x0000000000000000 is an unknown value
R13={method} {0x00007f4528550778} 'ccMatrix' '(II)J' in 'blas/java/Matrix'
R14=0x00007f452c61f910 is pointing into the stack for thread: 0x00007f452400b000
R15=0x00007f452400b000 is a thread


Stack: [0x00007f452c521000,0x00007f452c621000],  sp=0x00007f452c61f820,  free space=1018k
Native frames: (J=compiled Java code, j=interpreted, Vv=VM code, C=native code)
C  [libMatrix.so+0xf3b]  Matrix::setValue(double)+0x63
C  [libMatrix.so+0xdc6]  Java_blas_java_Matrix_ccMatrix+0x60
j  blas.java.Matrix.ccMatrix(II)J+0
j  blas.java.Matrix.<init>(II)V+8
j  blas.java.Matrix.main([Ljava/lang/String;)V+444
v  ~StubRoutines::call_stub
V  [libjvm.so+0x68842b]  JavaCalls::call_helper(JavaValue*, methodHandle*, JavaCallArguments*, Thread*)+0xddb
V  [libjvm.so+0x6d33e1]  jni_invoke_static(JNIEnv_*, JavaValue*, _jobject*, JNICallType, _jmethodID*, JNI_ArgumentPusher*, Thread*) [clone .isra.96] [clone .constprop.117]+0x1e1
V  [libjvm.so+0x6d56ab]  jni_CallStaticVoidMethod+0x15b
C  [libjli.so+0x889c]  JavaMain+0xa3c  [libpthread.so.0+0x76db]  start_thread+0xdb

Java frames: (J=compiled Java code, j=interpreted, Vv=VM code)
j  blas.java.Matrix.ccMatrix(II)J+0
j  blas.java.Matrix.<init>(II)V+8
j  blas.java.Matrix.main([Ljava/lang/String;)V+444
v  ~StubRoutines::call_stub

---------------  P R O C E S S  ---------------

Java Threads: ( => current thread )
  0x00007f45240de000 JavaThread "Service Thread" daemon [_thread_blocked, id=4250, stack(0x00007f4507150000,0x00007f4507251000)]
  0x00007f45240c0800 JavaThread "C1 CompilerThread2" daemon [_thread_blocked, id=4249, stack(0x00007f4507261000,0x00007f4507361000)]
  0x00007f45240bf000 JavaThread "C2 CompilerThread1" daemon [_thread_blocked, id=4248, stack(0x00007f4507371000,0x00007f4507471000)]
  0x00007f45240bc000 JavaThread "C2 CompilerThread0" daemon [_thread_blocked, id=4247, stack(0x00007f4507481000,0x00007f4507581000)]
  0x00007f45240ba800 JavaThread "Signal Dispatcher" daemon [_thread_blocked, id=4246, stack(0x00007f4507590000,0x00007f4507691000)]
  0x00007f4524087000 JavaThread "Finalizer" daemon [_thread_blocked, id=4245, stack(0x00007f45079a0000,0x00007f4507aa1000)]
  0x00007f4524082800 JavaThread "Reference Handler" daemon [_thread_blocked, id=4244, stack(0x00007f4507ab0000,0x00007f4507bb1000)]
=>0x00007f452400b000 JavaThread "main" [_thread_in_native, id=4238, stack(0x00007f452c521000,0x00007f452c621000)]

Other Threads:
  0x00007f4524079000 VMThread [stack: 0x00007f4507bc1000,0x00007f4507cc1000] [id=4243]
  0x00007f45240e1000 WatcherThread [stack: 0x00007f4507041000,0x00007f4507141000] [id=4251]

VM state:not at safepoint (normal execution)

VM Mutex/Monitor currently owned by a thread: None

heap address: 0x00000000f8000000, size: 128 MB, Compressed Oops mode: 32-bit
Narrow klass base: 0x0000000000000000, Narrow klass shift: 3
Compressed class space size: 1073741824 Address: 0x0000000100000000

Heap:
 PSYoungGen      total 37888K, used 1310K [0x00000000fd580000, 0x00000000fff80000, 0x0000000100000000)
  eden space 32768K, 4% used [0x00000000fd580000,0x00000000fd6c7b08,0x00000000ff580000)
  from space 5120K, 0% used [0x00000000ffa80000,0x00000000ffa80000,0x00000000fff80000)
  to   space 5120K, 0% used [0x00000000ff580000,0x00000000ff580000,0x00000000ffa80000)
 ParOldGen       total 86016K, used 0K [0x00000000f8000000, 0x00000000fd400000, 0x00000000fd580000)
  object space 86016K, 0% used [0x00000000f8000000,0x00000000f8000000,0x00000000fd400000)
 Metaspace       used 2493K, capacity 4486K, committed 4864K, reserved 1056768K
  class space    used 265K, capacity 386K, committed 512K, reserved 1048576K

Card table byte_map: [0x00007f452c4d0000,0x00007f452c511000] byte_map_base: 0x00007f452bd10000

Marking Bits: (ParMarkBitMap*) 0x00007f452b992d80
 Begin Bits: [0x00007f4528950000, 0x00007f4528b50000)
 End Bits:   [0x00007f4528b50000, 0x00007f4528d50000)

Polling page: 0x00007f452c660000

CodeCache: size=245760Kb used=1085Kb max_used=1085Kb free=244674Kb
 bounds [0x00007f4515000000, 0x00007f4515270000, 0x00007f4524000000]
 total_blobs=246 nmethods=16 adapters=145
 compilation: enabled

Compilation events (10 events):
Event: 0.147 Thread 0x00007f45240c0800   12       3       java.lang.String::getChars (62 bytes)
Event: 0.147 Thread 0x00007f45240c0800 nmethod 12 0x00007f451510d450 code [0x00007f451510d600, 0x00007f451510da38]
Event: 0.174 Thread 0x00007f45240c0800   13       3       java.lang.AbstractStringBuilder::ensureCapacityInternal (27 bytes)
Event: 0.175 Thread 0x00007f45240c0800 nmethod 13 0x00007f451510e250 code [0x00007f451510e3e0, 0x00007f451510e838]
Event: 18.682 Thread 0x00007f45240c0800   14       1       java.nio.Buffer::position (5 bytes)
Event: 18.710 Thread 0x00007f45240c0800 nmethod 14 0x00007f451510e9d0 code [0x00007f451510eb20, 0x00007f451510ec30]
Event: 29.658 Thread 0x00007f45240c0800   15       1       java.nio.Buffer::limit (5 bytes)
Event: 29.660 Thread 0x00007f45240c0800 nmethod 15 0x00007f451510ec90 code [0x00007f451510ede0, 0x00007f451510eef0]
Event: 51.200 Thread 0x00007f45240c0800   16       3       java.nio.ByteBuffer::arrayOffset (35 bytes)
Event: 51.234 Thread 0x00007f45240c0800 nmethod 16 0x00007f451510ef50 code [0x00007f451510f0e0, 0x00007f451510f398]

GC Heap History (0 events):
No events

Deoptimization events (0 events):
No events

Classes redefined (0 events):
No events

Internal exceptions (2 events):
Event: 0.100 Thread 0x00007f452400b000 Exception <a 'java/lang/NoSuchMethodError': Method sun.misc.Unsafe.defineClass(Ljava/lang/String;[BII)Ljava/lang/Class; name or signature does not match> (0x00000000fd587cb8) thrown at [/HUDSON/workspace/8-2-build-linux-amd64/jdk8u221/13320/hotspot/src/sh
Event: 0.100 Thread 0x00007f452400b000 Exception <a 'java/lang/NoSuchMethodError': Method sun.misc.Unsafe.prefetchRead(Ljava/lang/Object;J)V name or signature does not match> (0x00000000fd587fa0) thrown at [/HUDSON/workspace/8-2-build-linux-amd64/jdk8u221/13320/hotspot/src/share/vm/prims/jni.c

Events (10 events):
Event: 0.174 loading class sun/launcher/LauncherHelper$FXHelper
Event: 0.174 loading class sun/launcher/LauncherHelper$FXHelper done
Event: 0.174 loading class java/lang/Class$MethodArray
Event: 0.174 loading class java/lang/Class$MethodArray done
Event: 0.174 loading class java/lang/Void
Event: 0.174 loading class java/lang/Void done
Event: 0.174 loading class java/lang/ClassLoaderHelper
Event: 0.175 loading class java/lang/ClassLoaderHelper done
Event: 4.189 Executing VM operation: EnableBiasedLocking
Event: 4.189 Executing VM operation: EnableBiasedLocking done


Dynamic libraries:
00400000-00401000 r-xp 00000000 00:00 861217                     /opt/Java/jdk/bin/java
00600000-00601000 r--p 00000000 00:00 861217                     /opt/Java/jdk/bin/java
00601000-00602000 rw-p 00001000 00:00 861217                     /opt/Java/jdk/bin/java
012cb000-012ec000 rw-p 00000000 00:00 0                          [heap]
f8000000-fd400000 rw-p 00000000 00:00 0
fd400000-fd580000 ---p 00000000 00:00 0
fd580000-fff80000 rw-p 00000000 00:00 0
fff80000-100000000 ---p 00000000 00:00 0
100000000-100080000 rw-p 00000000 00:00 0
100080000-140000000 ---p 00000000 00:00 0
7f3ee2000000-7f3f11af1000 rw-p 00000000 00:00 0
7f3f11b00000-7f3f415f1000 rw-p 00000000 00:00 0
7f3f41600000-7f3f710f1000 rw-p 00000000 00:00 0
7f3f71100000-7f3fa0bf1000 rw-p 00000000 00:00 0
7f3fa0c00000-7f3fd06f1000 rw-p 00000000 00:00 0
7f3fd0700000-7f40001f1000 rw-p 00000000 00:00 0
7f4000200000-7f402fcf1000 rw-p 00000000 00:00 0
7f402fd00000-7f405f7f1000 rw-p 00000000 00:00 0
7f405f800000-7f408f2f1000 rw-p 00000000 00:00 0
7f408f300000-7f40bedf1000 rw-p 00000000 00:00 0
7f40bee00000-7f40ee8f1000 rw-p 00000000 00:00 0
7f40ee900000-7f411e3f1000 rw-p 00000000 00:00 0
7f411e400000-7f414def1000 rw-p 00000000 00:00 0
7f414df00000-7f417d9f1000 rw-p 00000000 00:00 0
7f417da00000-7f41ad4f1000 rw-p 00000000 00:00 0
7f41ad500000-7f41dcff1000 rw-p 00000000 00:00 0
7f41dd000000-7f420caf1000 rw-p 00000000 00:00 0
7f420cb00000-7f423c5f1000 rw-p 00000000 00:00 0
7f423c600000-7f426c0f1000 rw-p 00000000 00:00 0
7f426c100000-7f429bbf1000 rw-p 00000000 00:00 0
7f429bc00000-7f42cb6f1000 rw-p 00000000 00:00 0
7f42cb700000-7f42fb1f1000 rw-p 00000000 00:00 0
7f42fb200000-7f432acf1000 rw-p 00000000 00:00 0
7f432ad00000-7f435a7f1000 rw-p 00000000 00:00 0
7f435a800000-7f438a2f1000 rw-p 00000000 00:00 0
7f438a300000-7f43b9df1000 rw-p 00000000 00:00 0
7f43b9e00000-7f43e98f1000 rw-p 00000000 00:00 0
7f43e9900000-7f44193f1000 rw-p 00000000 00:00 0
7f4419400000-7f4448ef1000 rw-p 00000000 00:00 0
7f4448f00000-7f44789f1000 rw-p 00000000 00:00 0
7f4478a00000-7f44a84f1000 rw-p 00000000 00:00 0
7f44a8500000-7f44d7ff1000 rw-p 00000000 00:00 0
7f44d8000000-7f44d8021000 rw-p 00000000 00:00 0
7f44d8021000-7f44dc000000 ---p 00000000 00:00 0
7f44e0000000-7f44e0025000 rw-p 00000000 00:00 0
7f44e0025000-7f44e4000000 ---p 00000000 00:00 0
7f44e4000000-7f44e4021000 rw-p 00000000 00:00 0
7f44e4021000-7f44e8000000 ---p 00000000 00:00 0
7f44e8000000-7f44e804e000 rw-p 00000000 00:00 0
7f44e804e000-7f44ec000000 ---p 00000000 00:00 0
7f44ec000000-7f44ec021000 rw-p 00000000 00:00 0
7f44ec021000-7f44f0000000 ---p 00000000 00:00 0
7f44f0000000-7f44f0021000 rw-p 00000000 00:00 0
7f44f0021000-7f44f4000000 ---p 00000000 00:00 0
7f44f4000000-7f44f4021000 rw-p 00000000 00:00 0
7f44f4021000-7f44f8000000 ---p 00000000 00:00 0
7f44f8000000-7f44f8021000 rw-p 00000000 00:00 0
7f44f8021000-7f44fc000000 ---p 00000000 00:00 0
7f44fc000000-7f44fc021000 rw-p 00000000 00:00 0
7f44fc021000-7f4500000000 ---p 00000000 00:00 0
7f4500000000-7f4500021000 rw-p 00000000 00:00 0
7f4500021000-7f4504000000 ---p 00000000 00:00 0
7f45065e0000-7f450677d000 rw-p 00000000 00:00 0
7f4506780000-7f4506878000 rw-p 00000000 00:00 0
7f4506880000-7f4506897000 r-xp 00000000 00:00 840096             /lib/x86_64-linux-gnu/libgcc_s.so.1
7f4506897000-7f4506898000 ---p 00017000 00:00 840096             /lib/x86_64-linux-gnu/libgcc_s.so.1
7f4506898000-7f4506a96000 ---p 00018000 00:00 840096             /lib/x86_64-linux-gnu/libgcc_s.so.1
7f4506a96000-7f4506a97000 r--p 00016000 00:00 840096             /lib/x86_64-linux-gnu/libgcc_s.so.1
7f4506a97000-7f4506a98000 rw-p 00017000 00:00 840096             /lib/x86_64-linux-gnu/libgcc_s.so.1
7f4506aa0000-7f4506c19000 r-xp 00000000 00:00 840059             /usr/lib/x86_64-linux-gnu/libstdc++.so.6.0.25
7f4506c19000-7f4506c26000 ---p 00179000 00:00 840059             /usr/lib/x86_64-linux-gnu/libstdc++.so.6.0.25
7f4506c26000-7f4506e19000 ---p 00186000 00:00 840059             /usr/lib/x86_64-linux-gnu/libstdc++.so.6.0.25
7f4506e19000-7f4506e23000 r--p 00179000 00:00 840059             /usr/lib/x86_64-linux-gnu/libstdc++.so.6.0.25
7f4506e23000-7f4506e25000 rw-p 00183000 00:00 840059             /usr/lib/x86_64-linux-gnu/libstdc++.so.6.0.25
7f4506e25000-7f4506e29000 rw-p 00000000 00:00 0
7f4506e30000-7f4506e32000 r-xp 00000000 00:00 795110             /usr/lib/libMatrix.so
7f4506e32000-7f4506e34000 ---p 00002000 00:00 795110             /usr/lib/libMatrix.so
7f4506e34000-7f4507031000 ---p 00004000 00:00 795110             /usr/lib/libMatrix.so
7f4507031000-7f4507032000 r--p 00001000 00:00 795110             /usr/lib/libMatrix.so
7f4507032000-7f4507033000 rw-p 00002000 00:00 795110             /usr/lib/libMatrix.so
7f4507040000-7f4507041000 ---p 00000000 00:00 0
7f4507041000-7f4507141000 rw-p 00000000 00:00 0
7f4507150000-7f4507153000 ---p 00000000 00:00 0
7f4507153000-7f4507251000 rw-p 00000000 00:00 0
7f4507260000-7f4507264000 ---p 00000000 00:00 0
7f4507264000-7f4507361000 rw-p 00000000 00:00 0
7f4507370000-7f4507374000 ---p 00000000 00:00 0
7f4507374000-7f4507471000 rw-p 00000000 00:00 0
7f4507480000-7f4507484000 ---p 00000000 00:00 0
7f4507484000-7f4507581000 rw-p 00000000 00:00 0
7f4507590000-7f4507593000 ---p 00000000 00:00 0
7f4507593000-7f4507691000 rw-p 00000000 00:00 0
7f4507692000-7f4507805000 r--p 00000000 00:00 977440             /usr/lib/locale/C.UTF-8/LC_COLLATE
7f4507805000-7f45079a0000 r--p 00000000 00:00 977452             /usr/lib/locale/locale-archive
7f45079a0000-7f45079a3000 ---p 00000000 00:00 0
7f45079a3000-7f4507aa1000 rw-p 00000000 00:00 0
7f4507ab0000-7f4507ab3000 ---p 00000000 00:00 0
7f4507ab3000-7f4507bb1000 rw-p 00000000 00:00 0
7f4507bc0000-7f4507bc1000 ---p 00000000 00:00 0
7f4507bc1000-7f4507cc1000 rw-p 00000000 00:00 0
7f4507cd0000-7f4507dd1000 rw-p 00000000 00:00 0
7f4507de0000-7f4507ee1000 rw-p 00000000 00:00 0
7f4507ef0000-7f4507ff1000 rw-p 00000000 00:00 0
7f4508000000-7f4508021000 rw-p 00000000 00:00 0
7f4508021000-7f450c000000 ---p 00000000 00:00 0
7f450c000000-7f450c021000 rw-p 00000000 00:00 0
7f450c021000-7f4510000000 ---p 00000000 00:00 0
7f4510000000-7f4510021000 rw-p 00000000 00:00 0
7f4510021000-7f4514000000 ---p 00000000 00:00 0
7f451401f000-7f4514050000 r--p 00000000 00:00 977441             /usr/lib/locale/C.UTF-8/LC_CTYPE
7f4514050000-7f4514151000 rw-p 00000000 00:00 0
7f4514160000-7f4514261000 rw-p 00000000 00:00 0
7f4514270000-7f4514291000 rw-p 00000000 00:00 0
7f45142a0000-7f45143a1000 rw-p 00000000 00:00 0
7f45143b0000-7f45143d1000 rw-p 00000000 00:00 0
7f45143e0000-7f45144e1000 rw-p 00000000 00:00 0
7f45144f0000-7f4514511000 rw-p 00000000 00:00 0
7f4514520000-7f4514621000 rw-p 00000000 00:00 0
7f4514630000-7f4514651000 rw-p 00000000 00:00 0
7f4514660000-7f4514761000 rw-p 00000000 00:00 0
7f4514770000-7f4514871000 rw-p 00000000 00:00 0
7f4514880000-7f4514981000 rw-p 00000000 00:00 0
7f4514990000-7f4514a91000 rw-p 00000000 00:00 0
7f4514aa0000-7f4514ba1000 rw-p 00000000 00:00 0
7f4514bb0000-7f4514cb1000 rw-p 00000000 00:00 0
7f4514cc0000-7f4514dc1000 rw-p 00000000 00:00 0
7f4514dd0000-7f4514e20000 rw-p 00000000 00:00 0
7f4514e26000-7f4515000000 r--s 03d88000 00:00 861467             /opt/Java/jdk/jre/lib/rt.jar
7f4515000000-7f4515270000 rwxp 00000000 00:00 0
7f4515270000-7f4524000000 ---p 00000000 00:00 0
7f4524000000-7f4524110000 rw-p 00000000 00:00 0
7f4524110000-7f4528000000 ---p 00000000 00:00 0
7f4528010000-7f4528031000 rw-p 00000000 00:00 0
7f4528040000-7f45280b6000 rw-p 00000000 00:00 0
7f45280c0000-7f452811b000 rw-p 00000000 00:00 0
7f4528120000-7f4528148000 rw-p 00000000 00:00 0
7f4528150000-7f4528590000 rw-p 00000000 00:00 0
7f4528590000-7f4528950000 ---p 00000000 00:00 0
7f4528950000-7f4528d50000 rw-p 00000000 00:00 0
7f4528d50000-7f4528d51000 ---p 00000000 00:00 0
7f4528d51000-7f4528e51000 rw-p 00000000 00:00 0
7f4528e60000-7f4528e61000 ---p 00000000 00:00 0
7f4528e61000-7f4528f61000 rw-p 00000000 00:00 0
7f4528f70000-7f4528f71000 ---p 00000000 00:00 0
7f4528f71000-7f4529071000 rw-p 00000000 00:00 0
7f4529080000-7f4529081000 ---p 00000000 00:00 0
7f4529081000-7f4529181000 rw-p 00000000 00:00 0
7f4529190000-7f452919a000 rw-p 00000000 00:00 0
7f452919a000-7f4529550000 ---p 00000000 00:00 0
7f4529550000-7f452956b000 r-xp 00000000 00:00 862664             /opt/Java/jdk/jre/lib/amd64/libzip.so
7f452956b000-7f4529570000 ---p 0001b000 00:00 862664             /opt/Java/jdk/jre/lib/amd64/libzip.so
7f4529570000-7f452976a000 ---p 00020000 00:00 862664             /opt/Java/jdk/jre/lib/amd64/libzip.so
7f452976a000-7f452976b000 r--p 0001a000 00:00 862664             /opt/Java/jdk/jre/lib/amd64/libzip.so
7f452976b000-7f452976c000 rw-p 0001b000 00:00 862664             /opt/Java/jdk/jre/lib/amd64/libzip.so
7f4529770000-7f452977b000 r-xp 00000000 00:00 962449             /lib/x86_64-linux-gnu/libnss_files-2.27.so
7f452977b000-7f452977c000 ---p 0000b000 00:00 962449             /lib/x86_64-linux-gnu/libnss_files-2.27.so
7f452977c000-7f452997a000 ---p 0000c000 00:00 962449             /lib/x86_64-linux-gnu/libnss_files-2.27.so
7f452997a000-7f452997b000 r--p 0000a000 00:00 962449             /lib/x86_64-linux-gnu/libnss_files-2.27.so
7f452997b000-7f452997c000 rw-p 0000b000 00:00 962449             /lib/x86_64-linux-gnu/libnss_files-2.27.so
7f452997c000-7f4529982000 rw-p 00000000 00:00 0
7f4529990000-7f45299a7000 r-xp 00000000 00:00 962421             /lib/x86_64-linux-gnu/libnsl-2.27.so
7f45299a7000-7f45299a8000 ---p 00017000 00:00 962421             /lib/x86_64-linux-gnu/libnsl-2.27.so
7f45299a8000-7f4529ba6000 ---p 00018000 00:00 962421             /lib/x86_64-linux-gnu/libnsl-2.27.so
7f4529ba6000-7f4529ba7000 r--p 00016000 00:00 962421             /lib/x86_64-linux-gnu/libnsl-2.27.so
7f4529ba7000-7f4529ba8000 rw-p 00017000 00:00 962421             /lib/x86_64-linux-gnu/libnsl-2.27.so
7f4529ba8000-7f4529baa000 rw-p 00000000 00:00 0
7f4529bb0000-7f4529bbb000 r-xp 00000000 00:00 962456             /lib/x86_64-linux-gnu/libnss_nis-2.27.so
7f4529bbb000-7f4529bbc000 ---p 0000b000 00:00 962456             /lib/x86_64-linux-gnu/libnss_nis-2.27.so
7f4529bbc000-7f4529dba000 ---p 0000c000 00:00 962456             /lib/x86_64-linux-gnu/libnss_nis-2.27.so
7f4529dba000-7f4529dbb000 r--p 0000a000 00:00 962456             /lib/x86_64-linux-gnu/libnss_nis-2.27.so
7f4529dbb000-7f4529dbc000 rw-p 0000b000 00:00 962456             /lib/x86_64-linux-gnu/libnss_nis-2.27.so
7f4529dc0000-7f4529dc8000 r-xp 00000000 00:00 962428             /lib/x86_64-linux-gnu/libnss_compat-2.27.so
7f4529dc8000-7f4529dca000 ---p 00008000 00:00 962428             /lib/x86_64-linux-gnu/libnss_compat-2.27.so
7f4529dca000-7f4529fc8000 ---p 0000a000 00:00 962428             /lib/x86_64-linux-gnu/libnss_compat-2.27.so
7f4529fc8000-7f4529fc9000 r--p 00008000 00:00 962428             /lib/x86_64-linux-gnu/libnss_compat-2.27.so
7f4529fc9000-7f4529fca000 rw-p 00009000 00:00 962428             /lib/x86_64-linux-gnu/libnss_compat-2.27.so
7f4529fd0000-7f4529ffc000 r-xp 00000000 00:00 862519             /opt/Java/jdk/jre/lib/amd64/libjava.so
7f4529ffc000-7f452a009000 ---p 0002c000 00:00 862519             /opt/Java/jdk/jre/lib/amd64/libjava.so
7f452a009000-7f452a1fc000 ---p 00039000 00:00 862519             /opt/Java/jdk/jre/lib/amd64/libjava.so
7f452a1fc000-7f452a1fd000 r--p 0002c000 00:00 862519             /opt/Java/jdk/jre/lib/amd64/libjava.so
7f452a1fd000-7f452a1ff000 rw-p 0002d000 00:00 862519             /opt/Java/jdk/jre/lib/amd64/libjava.so
7f452a200000-7f452a20d000 r-xp 00000000 00:00 862354             /opt/Java/jdk/jre/lib/amd64/libverify.so
7f452a20d000-7f452a211000 ---p 0000d000 00:00 862354             /opt/Java/jdk/jre/lib/amd64/libverify.so
7f452a211000-7f452a40c000 ---p 00011000 00:00 862354             /opt/Java/jdk/jre/lib/amd64/libverify.so
7f452a40c000-7f452a40e000 r--p 0000c000 00:00 862354             /opt/Java/jdk/jre/lib/amd64/libverify.so
7f452a40e000-7f452a40f000 rw-p 0000e000 00:00 862354             /opt/Java/jdk/jre/lib/amd64/libverify.so
7f452a410000-7f452a417000 r-xp 00000000 00:00 965396             /lib/x86_64-linux-gnu/librt-2.27.so
7f452a417000-7f452a418000 ---p 00007000 00:00 965396             /lib/x86_64-linux-gnu/librt-2.27.so
7f452a418000-7f452a616000 ---p 00008000 00:00 965396             /lib/x86_64-linux-gnu/librt-2.27.so
7f452a616000-7f452a617000 r--p 00006000 00:00 965396             /lib/x86_64-linux-gnu/librt-2.27.so
7f452a617000-7f452a618000 rw-p 00007000 00:00 965396             /lib/x86_64-linux-gnu/librt-2.27.so
7f452a620000-7f452a7bd000 r-xp 00000000 00:00 962374             /lib/x86_64-linux-gnu/libm-2.27.so
7f452a7bd000-7f452a7c0000 ---p 0019d000 00:00 962374             /lib/x86_64-linux-gnu/libm-2.27.so
7f452a7c0000-7f452a9bc000 ---p 001a0000 00:00 962374             /lib/x86_64-linux-gnu/libm-2.27.so
7f452a9bc000-7f452a9bd000 r--p 0019c000 00:00 962374             /lib/x86_64-linux-gnu/libm-2.27.so
7f452a9bd000-7f452a9be000 rw-p 0019d000 00:00 962374             /lib/x86_64-linux-gnu/libm-2.27.so
7f452a9c7000-7f452b6af000 r-xp 00000000 00:00 862627             /opt/Java/jdk/jre/lib/amd64/server/libjvm.so
7f452b6af000-7f452b8ae000 ---p 00ce8000 00:00 862627             /opt/Java/jdk/jre/lib/amd64/server/libjvm.so
7f452b8ae000-7f452b944000 r--p 00ce7000 00:00 862627             /opt/Java/jdk/jre/lib/amd64/server/libjvm.so
7f452b944000-7f452b975000 rw-p 00d7d000 00:00 862627             /opt/Java/jdk/jre/lib/amd64/server/libjvm.so
7f452b975000-7f452b9b0000 rw-p 00000000 00:00 0
7f452b9b0000-7f452bb97000 r-xp 00000000 00:00 960216             /lib/x86_64-linux-gnu/libc-2.27.so
7f452bb97000-7f452bba0000 ---p 001e7000 00:00 960216             /lib/x86_64-linux-gnu/libc-2.27.so
7f452bba0000-7f452bd97000 ---p 001f0000 00:00 960216             /lib/x86_64-linux-gnu/libc-2.27.so
7f452bd97000-7f452bd9b000 r--p 001e7000 00:00 960216             /lib/x86_64-linux-gnu/libc-2.27.so
7f452bd9b000-7f452bd9d000 rw-p 001eb000 00:00 960216             /lib/x86_64-linux-gnu/libc-2.27.so
7f452bd9d000-7f452bda1000 rw-p 00000000 00:00 0
7f452bdb0000-7f452bdb3000 r-xp 00000000 00:00 960630             /lib/x86_64-linux-gnu/libdl-2.27.so
7f452bdb3000-7f452bdb4000 ---p 00003000 00:00 960630             /lib/x86_64-linux-gnu/libdl-2.27.so
7f452bdb4000-7f452bfb2000 ---p 00004000 00:00 960630             /lib/x86_64-linux-gnu/libdl-2.27.so
7f452bfb2000-7f452bfb3000 r--p 00002000 00:00 960630             /lib/x86_64-linux-gnu/libdl-2.27.so
7f452bfb3000-7f452bfb4000 rw-p 00003000 00:00 960630             /lib/x86_64-linux-gnu/libdl-2.27.so
7f452bfc0000-7f452bfd7000 r-xp 00000000 00:00 797645             /opt/Java/jdk/lib/amd64/jli/libjli.so
7f452bfd7000-7f452bfdb000 ---p 00017000 00:00 797645             /opt/Java/jdk/lib/amd64/jli/libjli.so
7f452bfdb000-7f452c1d6000 ---p 0001b000 00:00 797645             /opt/Java/jdk/lib/amd64/jli/libjli.so
7f452c1d6000-7f452c1d7000 r--p 00016000 00:00 797645             /opt/Java/jdk/lib/amd64/jli/libjli.so
7f452c1d7000-7f452c1d8000 rw-p 00017000 00:00 797645             /opt/Java/jdk/lib/amd64/jli/libjli.so
7f452c1e0000-7f452c1fa000 r-xp 00000000 00:00 965388             /lib/x86_64-linux-gnu/libpthread-2.27.so
7f452c1fa000-7f452c204000 ---p 0001a000 00:00 965388             /lib/x86_64-linux-gnu/libpthread-2.27.so
7f452c204000-7f452c3f9000 ---p 00024000 00:00 965388             /lib/x86_64-linux-gnu/libpthread-2.27.so
7f452c3f9000-7f452c3fa000 r--p 00019000 00:00 965388             /lib/x86_64-linux-gnu/libpthread-2.27.so
7f452c3fa000-7f452c3fb000 rw-p 0001a000 00:00 965388             /lib/x86_64-linux-gnu/libpthread-2.27.so
7f452c3fb000-7f452c3ff000 rw-p 00000000 00:00 0
7f452c400000-7f452c426000 r-xp 00000000 00:00 957818             /lib/x86_64-linux-gnu/ld-2.27.so
7f452c426000-7f452c427000 r-xp 00026000 00:00 957818             /lib/x86_64-linux-gnu/ld-2.27.so
7f452c450000-7f452c493000 rw-p 00000000 00:00 0
7f452c4a0000-7f452c4ca000 rw-p 00000000 00:00 0
7f452c4ca000-7f452c4cb000 ---p 00000000 00:00 0
7f452c4d0000-7f452c511000 rw-p 00000000 00:00 0
7f452c520000-7f452c524000 ---p 00000000 00:00 0
7f452c524000-7f452c621000 rw-p 00000000 00:00 0
7f452c627000-7f452c628000 r--p 00027000 00:00 957818             /lib/x86_64-linux-gnu/ld-2.27.so
7f452c628000-7f452c629000 rw-p 00028000 00:00 957818             /lib/x86_64-linux-gnu/ld-2.27.so
7f452c629000-7f452c62a000 rw-p 00000000 00:00 0
7f452c630000-7f452c631000 rw-p 00000000 00:00 0
7f452c640000-7f452c642000 rw-p 00000000 00:00 0
7f452c649000-7f452c650000 r--s 00000000 00:00 1515419            /usr/lib/x86_64-linux-gnu/gconv/gconv-modules.cache
7f452c650000-7f452c652000 rw-p 00000000 00:00 0
7f452c654000-7f452c655000 r--p 00000000 00:00 977448             /usr/lib/locale/C.UTF-8/LC_NUMERIC
7f452c655000-7f452c656000 r--p 00000000 00:00 977451             /usr/lib/locale/C.UTF-8/LC_TIME
7f452c656000-7f452c657000 r--p 00000000 00:00 977446             /usr/lib/locale/C.UTF-8/LC_MONETARY
7f452c657000-7f452c658000 r--p 00000000 00:00 977445             /usr/lib/locale/C.UTF-8/LC_MESSAGES/SYS_LC_MESSAGES
7f452c658000-7f452c660000 rw-s 00000000 00:00 1205847            /tmp/hsperfdata_liankeqin/4237
7f452c660000-7f452c661000 r--p 00000000 00:00 0
7f452c661000-7f452c662000 r--p 00000000 00:00 977449             /usr/lib/locale/C.UTF-8/LC_PAPER
7f452c662000-7f452c663000 r--p 00000000 00:00 977447             /usr/lib/locale/C.UTF-8/LC_NAME
7f452c663000-7f452c664000 r--p 00000000 00:00 977439             /usr/lib/locale/C.UTF-8/LC_ADDRESS
7f452c664000-7f452c665000 r--p 00000000 00:00 977450             /usr/lib/locale/C.UTF-8/LC_TELEPHONE
7f452c665000-7f452c666000 r--p 00000000 00:00 977443             /usr/lib/locale/C.UTF-8/LC_MEASUREMENT
7f452c666000-7f452c667000 r--p 00000000 00:00 977442             /usr/lib/locale/C.UTF-8/LC_IDENTIFICATION
7ffffbc26000-7ffffc426000 rw-p 00000000 00:00 0                  [stack]
7ffffc573000-7ffffc574000 r-xp 00000000 00:00 0                  [vdso]

VM Arguments:
jvm_args: -Xmx128M 
java_command: blas.java.Matrix
java_class_path (initial): /opt/Java/jdk/lib:/opt/Java/jdk/jre/lib:/home/liankeqin/:
Launcher Type: SUN_STANDARD

Environment Variables:
JAVA_HOME=/opt/Java/jdk
JRE_HOME=/opt/Java/jdk/jre
CLASSPATH=/opt/Java/jdk/lib:/opt/Java/jdk/jre/lib:/home/liankeqin/:
PATH=/opt/Java/jdk/bin:/opt/Java/jdk/lib:/usr/local/sbin:/usr/local/bin:/usr/sbin:/usr/bin:/sbin:/bin:/usr/games:/usr/local/games:/mnt/c/Perl64/site/bin:/mnt/c/Perl64/bin:/mnt/c/Program Files (x86)/NetSarang/Xshell 6/:/mnt/c/ProgramData/Oracle/Java/javapath:/mnt/c/WINDOWS/system32:/mnt/c/WINDOWS:/mnt/c/WINDOWS/System32/Wbem:/mnt/c/WINDOWS/System32/WindowsPowerShell/v1.0/:/mnt/c/Android:/mnt/c/Windows/System32:/mnt/c/Python27:/mnt/c/Program Files (x86)/scala/bin:/mnt/c/Program Files (x86)/GtkSharp/2.12/bin:/mnt/c/WINDOWS/System32/OpenSSH/:/mnt/c/Program Files/Common Files/Autodesk Shared/:/mnt/c/Program Files/Git/cmd:/mnt/c/strawberry/c/bin:/mnt/c/strawberry/perl/bin:/mnt/c/CTEX/UserData/miktex/bin:/mnt/c/CTEX/MiKTeX/miktex/bin:/mnt/c/CTEX/CTeX:/mnt/c/CTEX/CTeX/Packages/ctex/bin:/mnt/c/CTEX/CTeX/Packages/cct/bin:/mnt/c/CTEX/CTeX/Packages/ty/bin:/mnt/c/CTEX/Ghostscript/gs9.18/bin:/mnt/c/CTEX/GSview/gsview:/mnt/c/CTEX/WinEdt:/mnt/c/Program Files/Microsoft VS Code/bin:/mnt/c/Program Files/MacType:/mnt/c/Program Files (x86)/Intel/Intel(R) Management Engine Components/DAL:/mnt/c/Program Files/Intel/Intel(R) Management Engine Components/DAL:/mnt/c/Program Files/Intel/WiFi/bin/:/mnt/c/Program Files/Common Files/Intel/WirelessCommon/:/mnt/c/MinGW/bin:/mnt/c/Users/BruceChin/.cargo/bin:/mnt/c/Users/BruceChin/AppData/Local/Programs/Python/Python36/Scripts/:/mnt/c/Users/BruceChin/AppData/Local/Programs/Python/Python36/:/mnt/c/Users/BruceChin/AppData/Local/Microsoft/WindowsApps:/mnt/c/Users/BruceChin/AppData/Local/atom/bin:/mnt/c/Users/BruceChin/AppData/Local/GitHubDesktop/bin:/mnt/c/Users/BruceChin/AppData/Local/Microsoft/WindowsApps:/mnt/c/Users/BruceChin/Documents/GitHub/replaykit/win32:/mnt/c/Users/BruceChin/Downloads/spark-2.2.0-bin-hadoop2.7/bin:/mnt/c/Program Files/Java/jdk1.8/bin:/mnt/c/texlive/2018/bin/win32:/mnt/c/MongoDB/bin:/mnt/c/libs/OpenBLAS/include:/mnt/c/Program Files/mingw-w64/x86_64-8.1.0-posix-seh-rt_v6-rev0/mingw64/bin:/snap/bin
SHELL=/bin/bash
HOSTTYPE=x86_64

Signal Handlers:
SIGSEGV: [libjvm.so+0xad3d90], sa_mask[0]=11111111111111111111111111111110, sa_flags=SA_RESTART|SA_SIGINFO
SIGBUS: [libjvm.so+0xad3d90], sa_mask[0]=11111111111111111111111111111110, sa_flags=SA_RESTART|SA_SIGINFO
SIGFPE: [libjvm.so+0x90b8b0], sa_mask[0]=11111111111111111111111111111110, sa_flags=SA_RESTART|SA_SIGINFO
SIGPIPE: [libjvm.so+0x90b8b0], sa_mask[0]=11111111111111111111111111111110, sa_flags=SA_RESTART|SA_SIGINFO
SIGXFSZ: [libjvm.so+0x90b8b0], sa_mask[0]=11111111111111111111111111111110, sa_flags=SA_RESTART|SA_SIGINFO
SIGILL: [libjvm.so+0x90b8b0], sa_mask[0]=11111111111111111111111111111110, sa_flags=SA_RESTART|SA_SIGINFO
SIGUSR1: SIG_DFL, sa_mask[0]=00000000000000000000000000000000, sa_flags=none
SIGUSR2: [libjvm.so+0x90b780], sa_mask[0]=00000000000000000000000000000000, sa_flags=SA_RESTART|SA_SIGINFO
SIGHUP: [libjvm.so+0x90bda0], sa_mask[0]=11111111111111111111111111111110, sa_flags=SA_RESTART|SA_SIGINFO
SIGINT: [libjvm.so+0x90bda0], sa_mask[0]=11111111111111111111111111111110, sa_flags=SA_RESTART|SA_SIGINFO
SIGTERM: [libjvm.so+0x90bda0], sa_mask[0]=11111111111111111111111111111110, sa_flags=SA_RESTART|SA_SIGINFO
SIGQUIT: [libjvm.so+0x90bda0], sa_mask[0]=11111111111111111111111111111110, sa_flags=SA_RESTART|SA_SIGINFO


---------------  S Y S T E M  ---------------

OS:DISTRIB_ID=Ubuntu
DISTRIB_RELEASE=18.04
DISTRIB_CODENAME=bionic
DISTRIB_DESCRIPTION="Ubuntu 18.04.2 LTS"

uname:Linux 4.4.0-18936-Microsoft #1000-Microsoft Fri Jul 05 13:33:00 PST 2019 x86_64
libc:glibc 2.27 NPTL 2.27 
rlimit: STACK 8192k, CORE infinity, NPROC 7823, NOFILE 65536, AS infinity
load average:0.52 0.58 0.59

/proc/meminfo:
MemTotal:        8240688 kB
MemFree:          399424 kB
Buffers:           34032 kB
Cached:           188576 kB
SwapCached:            0 kB
Active:           167556 kB
Inactive:         157876 kB
Active(anon):     103104 kB
Inactive(anon):    17440 kB
Active(file):      64452 kB
Inactive(file):   140436 kB
Unevictable:           0 kB
Mlocked:               0 kB
SwapTotal:      25165824 kB
SwapFree:       23329736 kB
Dirty:                 0 kB
Writeback:             0 kB
AnonPages:        102824 kB
Mapped:            71404 kB
Shmem:             17720 kB
Slab:              13868 kB
SReclaimable:       6744 kB
SUnreclaim:         7124 kB
KernelStack:        2848 kB
PageTables:         2524 kB
NFS_Unstable:          0 kB
Bounce:                0 kB
WritebackTmp:          0 kB
CommitLimit:      515524 kB
Committed_AS:    3450064 kB
VmallocTotal:     122880 kB
VmallocUsed:       21296 kB
VmallocChunk:      66044 kB
HardwareCorrupted:     0 kB
AnonHugePages:      2048 kB
HugePages_Total:       0
HugePages_Free:        0
HugePages_Rsvd:        0
HugePages_Surp:        0
Hugepagesize:       2048 kB
DirectMap4k:       12280 kB
DirectMap4M:      897024 kB


CPU:total 4 (initial active 4) (2 cores per cpu, 2 threads per core) family 6 model 142 stepping 9, cmov, cx8, fxsr, mmx, sse, sse2, sse3, ssse3, sse4.1, sse4.2, popcnt, avx, avx2, aes, clmul, erms, 3dnowpref, lzcnt, ht, tsc, tscinvbit, bmi1, bmi2, adx

/proc/cpuinfo:
processor	: 0
vendor_id	: GenuineIntel
cpu family	: 6
model		: 142
model name	: Intel(R) Core(TM) i7-7500U CPU @ 2.70GHz
stepping	: 9
microcode	: 0xffffffff
cpu MHz		: 2904.000
cache size	: 256 KB
physical id	: 0
siblings	: 4
core id		: 0
cpu cores	: 2
apicid		: 0
initial apicid	: 0
fpu		: yes
fpu_exception	: yes
cpuid level	: 6
wp		: yes
flags		: fpu vme de pse tsc msr pae mce cx8 apic sep mtrr pge mca cmov pat pse36 clflush dts acpi mmx fxsr sse sse2 ss ht tm pbe syscall nx pdpe1gb rdtscp lm pni pclmulqdq dtes64 monitor ds_cpl vmx est tm2 ssse3 fma cx16 xtpr pdcm pcid sse4_1 sse4_2 x2apic movbe popcnt tsc_deadline_timer aes xsave osxsave avx f16c rdrand lahf_lm abm 3dnowprefetch fsgsbase tsc_adjust bmi1 avx2 smep bmi2 erms invpcid mpx rdseed adx smap clflushopt intel_pt ibrs ibpb stibp ssbd
bogomips	: 5808.00
clflush size	: 64
cache_alignment	: 64
address sizes	: 36 bits physical, 48 bits virtual
power management:

processor	: 1
vendor_id	: GenuineIntel
cpu family	: 6
model		: 142
model name	: Intel(R) Core(TM) i7-7500U CPU @ 2.70GHz
stepping	: 9
microcode	: 0xffffffff
cpu MHz		: 2904.000
cache size	: 256 KB
physical id	: 0
siblings	: 4
core id		: 0
cpu cores	: 2
apicid		: 0
initial apicid	: 0
fpu		: yes
fpu_exception	: yes
cpuid level	: 6
wp		: yes
flags		: fpu vme de pse tsc msr pae mce cx8 apic sep mtrr pge mca cmov pat pse36 clflush dts acpi mmx fxsr sse sse2 ss ht tm pbe syscall nx pdpe1gb rdtscp lm pni pclmulqdq dtes64 monitor ds_cpl vmx est tm2 ssse3 fma cx16 xtpr pdcm pcid sse4_1 sse4_2 x2apic movbe popcnt tsc_deadline_timer aes xsave osxsave avx f16c rdrand lahf_lm abm 3dnowprefetch fsgsbase tsc_adjust bmi1 avx2 smep bmi2 erms invpcid mpx rdseed adx smap clflushopt intel_pt ibrs ibpb stibp ssbd
bogomips	: 5808.00
clflush size	: 64
cache_alignment	: 64
address sizes	: 36 bits physical, 48 bits virtual
power management:

processor	: 2
vendor_id	: GenuineIntel
cpu family	: 6
model		: 142
model name	: Intel(R) Core(TM) i7-7500U CPU @ 2.70GHz
stepping	: 9
microcode	: 0xffffffff
cpu MHz		: 2904.000
cache size	: 256 KB
physical id	: 0
siblings	: 4
core id		: 1
cpu cores	: 2
apicid		: 0
initial apicid	: 0
fpu		: yes
fpu_exception	: yes
cpuid level	: 6
wp		: yes
flags		: fpu vme de pse tsc msr pae mce cx8 apic sep mtrr pge mca cmov pat pse36 clflush dts acpi mmx fxsr sse sse2 ss ht tm pbe syscall nx pdpe1gb rdtscp lm pni pclmulqdq dtes64 monitor ds_cpl vmx est tm2 ssse3 fma cx16 xtpr pdcm pcid sse4_1 sse4_2 x2apic movbe popcnt tsc_deadline_timer aes xsave osxsave avx f16c rdrand lahf_lm abm 3dnowprefetch fsgsbase tsc_adjust bmi1 avx2 smep bmi2 erms invpcid mpx rdseed adx smap clflushopt intel_pt ibrs ibpb stibp ssbd
bogomips	: 5808.00
clflush size	: 64
cache_alignment	: 64
address sizes	: 36 bits physical, 48 bits virtual
power management:

processor	: 3
vendor_id	: GenuineIntel
cpu family	: 6
model		: 142
model name	: Intel(R) Core(TM) i7-7500U CPU @ 2.70GHz
stepping	: 9
microcode	: 0xffffffff
cpu MHz		: 2904.000
cache size	: 256 KB
physical id	: 0
siblings	: 4
core id		: 1
cpu cores	: 2
apicid		: 0
initial apicid	: 0
fpu		: yes
fpu_exception	: yes
cpuid level	: 6
wp		: yes
flags		: fpu vme de pse tsc msr pae mce cx8 apic sep mtrr pge mca cmov pat pse36 clflush dts acpi mmx fxsr sse sse2 ss ht tm pbe syscall nx pdpe1gb rdtscp lm pni pclmulqdq dtes64 monitor ds_cpl vmx est tm2 ssse3 fma cx16 xtpr pdcm pcid sse4_1 sse4_2 x2apic movbe popcnt tsc_deadline_timer aes xsave osxsave avx f16c rdrand lahf_lm abm 3dnowprefetch fsgsbase tsc_adjust bmi1 avx2 smep bmi2 erms invpcid mpx rdseed adx smap clflushopt intel_pt ibrs ibpb stibp ssbd
bogomips	: 5808.00
clflush size	: 64
cache_alignment	: 64
address sizes	: 36 bits physical, 48 bits virtual
power management:



Memory: 4k page, physical 8240688k(399536k free), swap 25165824k(23329736k free)

vm_info: Java HotSpot(TM) 64-Bit Server VM (25.221-b11) for linux-amd64 JRE (1.8.0_221-b11), built on Jul  4 2019 04:27:00 by "java_re" with gcc 7.3.0

time: Mon Jul 22 17:27:37 2019
timezone: CST
elapsed time: 51 seconds (0d 0h 0m 51s)

